W&S App corriendo en puerto 3000
[api] Nueva pedido #58 — betty — 3214455467 (false_573506974711-1612841042@g.us_3EB0AAF21BD1643EAFBB52_27539414212667@lid)
[api] Nueva pedido #59 — Betty — 3124567890 (false_573506974711-1612841042@g.us_3EB041FA6CA100812984C2_27539414212667@lid)
[api] Nueva pedido #60 — Betty — 3124567890 (false_573506974711-1612841042@g.us_3EB0D69178D43D19E7BE9D_27539414212667@lid)
[api] Nueva pedido #61 — Paola — 3105467890 (false_573506974711-1612841042@g.us_A585B6CD64D592B65DE3EEBC34E11A8E_169007382560988@lid)
[api] Nueva cotizar #62 — Paola — 3105467890 (false_573506974711-1612841042@g.us_A5A6EB6F6D4D98B4FDD13DB95AB3111A_169007382560988@lid)
[api] Nueva cotizar #63 — Paola — 3105468590 (false_573506974711-1612841042@g.us_A547FED06C45AE562334468039C2D9D0_169007382560988@lid)
[api] Nueva pedido #64 — Wendy — 3456375423 (true_573506974711-1612841042@g.us_AC050F732BF03722E72E61106A8D05A9_202070393102353@lid)
[api] Nueva cotizar #65 — graciela — 3554446677 (false_573506974711-1612841042@g.us_3EB0855D5CF0483AEF23CF_27539414212667@lid)
[api] Nueva pedido #66 — Betty — 3332221144 (false_573506974711-1612841042@g.us_A5227D99AB3B07DB45E1797CA20B6281_157359146037421@lid)
[api] Nueva cotizar #67 — graciela — 1112223344 (false_573506974711-1612841042@g.us_3EB073BBA5C5A8FE61BCBD_27539414212667@lid)
[api] Nueva pedido #68 — ney — 5674323213 (false_573506974711-1612841042@g.us_3EB07E7A7A6719F3E8E7F0_27539414212667@lid)
[api] Pedido duplicado ignorado: waMsgId=false_573506974711-1612841042@g.us_A5EFD9CA0504DE517EBD11A43996B704_157359146037421@lid
[api] Pedido duplicado ignorado: waMsgId=false_573506974711-1612841042@g.us_A565CB9A624A8DEA4C87FA5D83F2C92E_157359146037421@lid
[api] Pedido duplicado ignorado: waMsgId=false_573506974711-1612841042@g.us_A543516E1CD7D882ACF3B991BAEF7BCB_157359146037421@lid
[api] Pedido duplicado ignorado: waMsgId=false_573506974711-1612841042@g.us_A52C498078D43C390297DDABB1F125C4_157359146037421@lid
[api] Pedido duplicado ignorado: waMsgId=false_573506974711-1612841042@g.us_A502C7DA97740B4F7FF7A6A7E9D3FD82_157359146037421@lid
[api] Pedido duplicado ignorado: waMsgId=false_573506974711-1612841042@g.us_A58D5A9587EBD7B06B75C92E9B277D06_157359146037421@lid
[api] Pedido duplicado ignorado: waMsgId=false_573506974711-1612841042@g.us_A59879656E2D06445146D763C635EDF3_270261454655702@lid
[api] Pedido duplicado ignorado: waMsgId=false_573506974711-1612841042@g.us_A55741297D8A06A776E0CF90E22E38C1_157359146037421@lid
[api] Pedido duplicado ignorado: waMsgId=false_573506974711-1612841042@g.us_3EB0BD6D5FD03D9DBC76ED_27539414212667@lid
[api] Pedido duplicado ignorado: waMsgId=false_573506974711-1612841042@g.us_3EB04771F6C8D33D64B037_27539414212667@lid
[api] Pedido duplicado ignorado: waMsgId=false_573506974711-1612841042@g.us_3EB0078162ED52EF32A5E2_27539414212667@lid
[api] Pedido duplicado ignorado: waMsgId=false_573506974711-1612841042@g.us_3EB0C16239F1842610F683_27539414212667@lid
[api] Pedido duplicado ignorado: waMsgId=false_573506974711-1612841042@g.us_A59814194914B674135E21C87AF94AA0_157359146037421@lid
[api] Pedido duplicado ignorado: waMsgId=false_573506974711-1612841042@g.us_3EB0C4480249D709D11798_27539414212667@lid
[api] Pedido duplicado ignorado: waMsgId=false_573506974711-1612841042@g.us_3EB071EDEC6428E65E7211_27539414212667@lid
[api] Pedido duplicado ignorado: waMsgId=false_573506974711-1612841042@g.us_3EB065024B87E9488E89D1_27539414212667@lid
[api] Pedido duplicado ignorado: waMsgId=false_573506974711-1612841042@g.us_3EB08FA280425E4F6A151C_27539414212667@lid
[api] Pedido duplicado ignorado: waMsgId=false_573506974711-1612841042@g.us_3EB02473137693BDBE507F_27539414212667@lid
[api] Pedido duplicado ignorado: waMsgId=false_573506974711-1612841042@g.us_3EB0CF43F0160431F598CC_27539414212667@lid
[api] Pedido duplicado ignorado: waMsgId=false_573506974711-1612841042@g.us_3EB0E322886096F99CBA98_27539414212667@lid
[api] Pedido duplicado ignorado: waMsgId=false_573506974711-1612841042@g.us_3EB0F2C46D6B0C41B0DBCA_27539414212667@lid
[api] Pedido duplicado ignorado: waMsgId=false_573506974711-1612841042@g.us_A5D7F177DAD8BCC566D3720ED939A7E9_157359146037421@lid
[api] Pedido duplicado ignorado: waMsgId=false_573506974711-1612841042@g.us_3EB0DA3995A4487B49E032_27539414212667@lid
[api] Pedido duplicado ignorado: waMsgId=false_573506974711-1612841042@g.us_3EB039FEDB48DD5C141FD3_157359146037421@lid
[api] Pedido duplicado ignorado: waMsgId=false_573506974711-1612841042@g.us_3EB0B2AAE0BA86F243C926_157359146037421@lid
[api] Pedido duplicado ignorado: waMsgId=false_573506974711-1612841042@g.us_3EB05404B749112EE69280_27539414212667@lid
[api] Pedido duplicado ignorado: waMsgId=false_573506974711-1612841042@g.us_3EB009EDF9EE7FC9872820_27539414212667@lid
[api] Pedido duplicado ignorado: waMsgId=false_573506974711-1612841042@g.us_3EB0D0E6D7F1253075ED01_27539414212667@lid
[api] Pedido duplicado ignorado: waMsgId=false_573506974711-1612841042@g.us_3EB02DDCDC877E4FD4B02A_27539414212667@lid
[api] Pedido duplicado ignorado: waMsgId=false_573506974711-1612841042@g.us_3EB0E7C4EBE0D7FA6FB225_27539414212667@lid
[api] Pedido duplicado ignorado: waMsgId=false_573506974711-1612841042@g.us_3EB0F452334400385CBF14_27539414212667@lid
[api] Pedido duplicado ignorado: waMsgId=false_573506974711-1612841042@g.us_3EB0D13C58676AEAD9522C_27539414212667@lid
[api] Pedido duplicado ignorado: waMsgId=false_573506974711-1612841042@g.us_3EB0F8F316D83B7A5BDA12_27539414212667@lid
[api] Pedido duplicado ignorado: waMsgId=false_573506974711-1612841042@g.us_3EB0A7780D889ED2D85731_27539414212667@lid
[api] Pedido duplicado ignorado: waMsgId=false_573506974711-1612841042@g.us_3EB0F3410AFCF983F8CBC8_27539414212667@lid
[api] Pedido duplicado ignorado: waMsgId=false_573506974711-1612841042@g.us_3EB0DC490ADD9BA55E425E_27539414212667@lid
[api] Pedido duplicado ignorado: waMsgId=false_573506974711-1612841042@g.us_3EB031E715597384ED6380_27539414212667@lid
[api] Pedido duplicado ignorado: waMsgId=false_573506974711-1612841042@g.us_AC830C38206301EAE2E89C3FCCBCC03C_27539414212667@lid
[api] Pedido duplicado ignorado: waMsgId=false_573506974711-1612841042@g.us_3EB073127C93FEAC1CC65D_139779861676225@lid
[api] Pedido duplicado ignorado: waMsgId=false_573506974711-1612841042@g.us_3EB04B3A9D368E61E0C182_27539414212667@lid
[api] Pedido duplicado ignorado: waMsgId=false_573506974711-1612841042@g.us_3EB04AEA792AF41D472F40_27539414212667@lid
[api] Pedido duplicado ignorado: waMsgId=false_573506974711-1612841042@g.us_3EB0F3FC51B980C62AB480_27539414212667@lid
[api] Pedido duplicado ignorado: waMsgId=false_573506974711-1612841042@g.us_AC891266FD90C09325EC30DCFCA72679_27539414212667@lid
[api] Pedido duplicado ignorado: waMsgId=false_573506974711-1612841042@g.us_ACFDB98831C3D7C2AD8F2D15AF869F6F_27539414212667@lid
[api] Pedido duplicado ignorado: waMsgId=false_573506974711-1612841042@g.us_3EB0FB28FAB29A63CEBFE6_139779861676225@lid
[api] Pedido duplicado ignorado: waMsgId=false_573506974711-1612841042@g.us_3EB03233D926B206C31433_139779861676225@lid
[api] Pedido duplicado ignorado: waMsgId=false_573506974711-1612841042@g.us_3EB0A25B4A9A9DBC4C392B_157359146037421@lid
[api] Pedido duplicado ignorado: waMsgId=false_573506974711-1612841042@g.us_A5FC4C4815C5F3C43DE5F20AF4C85CB7_157359146037421@lid
[api] Pedido duplicado ignorado: waMsgId=false_573506974711-1612841042@g.us_A561AFE7D00A7352B0DA65B07283211B_157359146037421@lid
[api] Pedido duplicado ignorado: waMsgId=false_573506974711-1612841042@g.us_A51EC734A8EBD0F74CC9CA6D7F547FA1_157359146037421@lid
[api] Pedido duplicado ignorado: waMsgId=false_573506974711-1612841042@g.us_3EB0FBA979D1239DCDEF8F_27539414212667@lid
[api] Pedido duplicado ignorado: waMsgId=false_573506974711-1612841042@g.us_3EB04B001C6D5707485DE0_27539414212667@lid
[api] Pedido duplicado ignorado: waMsgId=false_573506974711-1612841042@g.us_A548E959B7796852BC4CEAB5CD744368_157359146037421@lid
[api] Pedido duplicado ignorado: waMsgId=false_573506974711-1612841042@g.us_3EB0EFE34334B4E8B2C008_139779861676225@lid
[api] Pedido duplicado ignorado: waMsgId=false_573506974711-1612841042@g.us_3EB06914E76B346A75BB69_139779861676225@lid
^CW&S App corriendo en puerto 3000
^C